#
# A fatal error has been detected by the Java Runtime Environment:
#
#  EXCEPTION_ACCESS_VIOLATION (0xc0000005) at pc=0x000000006da35b41, pid=17292, tid=0x000000000000008c
#
# JRE version: Java(TM) SE Runtime Environment (8.0_241-b07) (build 1.8.0_241-b07)
# Java VM: Java HotSpot(TM) 64-Bit Server VM (25.241-b07 mixed mode windows-amd64 compressed oops)
# Problematic frame:
# V  [jvm.dll+0x505b41]
#
# Failed to write core dump. Minidumps are not enabled by default on client versions of Windows
#
# If you would like to submit a bug report, please visit:
#   http://bugreport.java.com/bugreport/crash.jsp
#

---------------  T H R E A D  ---------------

Current thread (0x0000000027ceb800):  JavaThread "C2 CompilerThread0" daemon [_thread_in_native, id=140, stack(0x00000000284e0000,0x00000000285e0000)]

siginfo: ExceptionCode=0xc0000005, reading address 0x00000000000000a0

Registers:
RAX=0x0000000000000000, RBX=0x00000000285df0b8, RCX=0x000000002bb13068, RDX=0x00000000285df060
RSP=0x00000000285dc1d0, RBP=0x00000000285dc2d0, RSI=0x00000000285df060, RDI=0x00000000285de850
R8 =0x00000000285dc4a0, R9 =0x0000000000000000, R10=0x00000000285dc110, R11=0x00000000285df0b8
R12=0x0000000000000200, R13=0x0000000000000000, R14=0x00000000285de850, R15=0x000000002bb13068
RIP=0x000000006da35b41, EFLAGS=0x0000000000010246

Top of Stack: (sp=0x00000000285dc1d0)
0x00000000285dc1d0:   00000000285df0b8 0000000028fb6b80
0x00000000285dc1e0:   00000000285de850 0000000029c564d0
0x00000000285dc1f0:   0000000000000010 0000000000000005
0x00000000285dc200:   000000002ae5f210 0000000000000104
0x00000000285dc210:   0000000029683ab0 000000006d98fb07
0x00000000285dc220:   0000004f00007a41 000000010000000d
0x00000000285dc230:   0000000029ed6100 ffffffff00000012
0x00000000285dc240:   000000000000004f 00000000000004c5
0x00000000285dc250:   000000002a132390 000000000000000d
0x00000000285dc260:   0000076300007a14 0000000000007a0c
0x00000000285dc270:   0000000029827280 00000000285de850
0x00000000285dc280:   0000000000000000 0000000000000000
0x00000000285dc290:   0000000029827290 00000000000004c5
0x00000000285dc2a0:   0000000000007a3c 0000000000000000
0x00000000285dc2b0:   0000000029c564d0 0000000029200a00
0x00000000285dc2c0:   000000002a134120 000000006db31b40 

Instructions: (pc=0x000000006da35b41)
0x000000006da35b21:   00 8b 05 b0 6d 2a 00 83 f8 01 0f 85 2e 04 00 00
0x000000006da35b31:   49 8b 07 4c 8b 87 90 07 00 00 48 8b d6 49 8b cf
0x000000006da35b41:   ff 90 a0 00 00 00 8b 73 10 48 8b cf 2b 33 89 74
0x000000006da35b51:   24 50 e8 c8 c3 f5 ff 84 c0 0f 85 bd 05 00 00 4c 


Register to memory mapping:

RAX=0x0000000000000000 is an unknown value
RBX=0x00000000285df0b8 is pointing into the stack for thread: 0x0000000027ceb800
RCX=0x000000002bb13068 is pointing into metadata
RDX=0x00000000285df060 is pointing into the stack for thread: 0x0000000027ceb800
RSP=0x00000000285dc1d0 is pointing into the stack for thread: 0x0000000027ceb800
RBP=0x00000000285dc2d0 is pointing into the stack for thread: 0x0000000027ceb800
RSI=0x00000000285df060 is pointing into the stack for thread: 0x0000000027ceb800
RDI=0x00000000285de850 is pointing into the stack for thread: 0x0000000027ceb800
R8 =0x00000000285dc4a0 is pointing into the stack for thread: 0x0000000027ceb800
R9 =0x0000000000000000 is an unknown value
R10=0x00000000285dc110 is pointing into the stack for thread: 0x0000000027ceb800
R11=0x00000000285df0b8 is pointing into the stack for thread: 0x0000000027ceb800
R12=0x0000000000000200 is an unknown value
R13=0x0000000000000000 is an unknown value
R14=0x00000000285de850 is pointing into the stack for thread: 0x0000000027ceb800
R15=0x000000002bb13068 is pointing into metadata


Stack: [0x00000000284e0000,0x00000000285e0000],  sp=0x00000000285dc1d0,  free space=1008k
Native frames: (J=compiled Java code, j=interpreted, Vv=VM code, C=native code)
V  [jvm.dll+0x505b41]
V  [jvm.dll+0x506e4a]
V  [jvm.dll+0x47c8d2]
V  [jvm.dll+0x47f0a7]
V  [jvm.dll+0x4618a2]
V  [jvm.dll+0xa6a62]
V  [jvm.dll+0xa73af]
V  [jvm.dll+0x2467ef]
V  [jvm.dll+0x29fd2a]
C  [msvcr100.dll+0x21d9f]
C  [msvcr100.dll+0x21e3b]
C  [KERNEL32.DLL+0x17bd4]
C  [ntdll.dll+0x6ce51]


Current CompileTask:
C2:   3003 2566   !   4       org.codehaus.plexus.interpolation.StringSearchInterpolator::interpolate (650 bytes)


---------------  P R O C E S S  ---------------

Java Threads: ( => current thread )
  0x0000000027d7a000 JavaThread "Service Thread" daemon [_thread_blocked, id=908, stack(0x00000000288e0000,0x00000000289e0000)]
  0x0000000027cfa000 JavaThread "C1 CompilerThread3" daemon [_thread_blocked, id=4660, stack(0x00000000287e0000,0x00000000288e0000)]
  0x0000000027cf4000 JavaThread "C2 CompilerThread2" daemon [_thread_blocked, id=10884, stack(0x00000000286e0000,0x00000000287e0000)]
  0x0000000027cef800 JavaThread "C2 CompilerThread1" daemon [_thread_blocked, id=5392, stack(0x00000000285e0000,0x00000000286e0000)]
=>0x0000000027ceb800 JavaThread "C2 CompilerThread0" daemon [_thread_in_native, id=140, stack(0x00000000284e0000,0x00000000285e0000)]
  0x0000000027cea000 JavaThread "Attach Listener" daemon [_thread_blocked, id=2160, stack(0x00000000283e0000,0x00000000284e0000)]
  0x0000000027ce9000 JavaThread "Signal Dispatcher" daemon [_thread_blocked, id=11988, stack(0x00000000282e0000,0x00000000283e0000)]
  0x0000000027ce0800 JavaThread "Finalizer" daemon [_thread_blocked, id=17424, stack(0x00000000280c0000,0x00000000281c0000)]
  0x0000000025ddd000 JavaThread "Reference Handler" daemon [_thread_blocked, id=8532, stack(0x0000000027bc0000,0x0000000027cc0000)]
  0x0000000002d42800 JavaThread "main" [_thread_in_native, id=12828, stack(0x0000000002c40000,0x0000000002d40000)]

Other Threads:
  0x0000000025dd9000 VMThread [stack: 0x0000000027ac0000,0x0000000027bc0000] [id=14256]
  0x0000000027da5800 WatcherThread [stack: 0x00000000289e0000,0x0000000028ae0000] [id=6632]

VM state:not at safepoint (normal execution)

VM Mutex/Monitor currently owned by a thread: None

heap address: 0x00000005c1800000, size: 8168 MB, Compressed Oops mode: Zero based, Oop shift amount: 3
Narrow klass base: 0x0000000000000000, Narrow klass shift: 3
Compressed class space size: 1073741824 Address: 0x00000007c0000000

Heap:
 PSYoungGen      total 153088K, used 58076K [0x0000000715d80000, 0x0000000720800000, 0x00000007c0000000)
  eden space 131584K, 30% used [0x0000000715d80000,0x00000007184fe660,0x000000071de00000)
  from space 21504K, 82% used [0x000000071de00000,0x000000071ef38a38,0x000000071f300000)
  to   space 21504K, 0% used [0x000000071f300000,0x000000071f300000,0x0000000720800000)
 ParOldGen       total 349696K, used 24K [0x00000005c1800000, 0x00000005d6d80000, 0x0000000715d80000)
  object space 349696K, 0% used [0x00000005c1800000,0x00000005c1806000,0x00000005d6d80000)
 Metaspace       used 16337K, capacity 16720K, committed 17024K, reserved 1064960K
  class space    used 1944K, capacity 2054K, committed 2176K, reserved 1048576K

Card table byte_map: [0x0000000012200000,0x0000000013200000] byte_map_base: 0x000000000f3f4000

Marking Bits: (ParMarkBitMap*) 0x000000006dd5be30
 Begin Bits: [0x00000000144b0000, 0x000000001c450000)
 End Bits:   [0x000000001c450000, 0x00000000243f0000)

Polling page: 0x0000000000db0000

CodeCache: size=245760Kb used=9816Kb max_used=9816Kb free=235943Kb
 bounds [0x0000000002e40000, 0x00000000037f0000, 0x0000000011e40000]
 total_blobs=3263 nmethods=2892 adapters=281
 compilation: enabled

Compilation events (10 events):
Event: 2.802 Thread 0x0000000027cfa000 2890   !   3       org.apache.maven.plugin.clean.Cleaner::delete (194 bytes)
Event: 2.803 Thread 0x0000000027cfa000 nmethod 2890 0x00000000037d4f10 code [0x00000000037d5340, 0x00000000037d7dd8]
Event: 2.803 Thread 0x0000000027cfa000 2889       3       org.apache.maven.plugin.clean.Cleaner$Result::<init> (5 bytes)
Event: 2.804 Thread 0x0000000027cfa000 nmethod 2889 0x00000000037a6ed0 code [0x00000000037a7040, 0x00000000037a7250]
Event: 2.830 Thread 0x0000000027cef800 2891       4       java.util.HashMap::clear (50 bytes)
Event: 2.832 Thread 0x0000000027cef800 nmethod 2891 0x00000000037c7d50 code [0x00000000037c7e80, 0x00000000037c7fb8]
Event: 2.836 Thread 0x0000000027cf4000 2893       4       java.io.File::isInvalid (47 bytes)
Event: 2.838 Thread 0x0000000027cf4000 nmethod 2893 0x00000000037c7910 code [0x00000000037c7a60, 0x00000000037c7bf8]
Event: 2.898 Thread 0x0000000027cef800 2894       4       java.io.WinNTFileSystem::prefixLength (91 bytes)
Event: 2.900 Thread 0x0000000027cef800 nmethod 2894 0x00000000037c7310 code [0x00000000037c7460, 0x00000000037c7678]

GC Heap History (2 events):
Event: 2.281 GC heap before
{Heap before GC invocations=1 (full 0):
 PSYoungGen      total 153088K, used 131584K [0x0000000715d80000, 0x0000000720800000, 0x00000007c0000000)
  eden space 131584K, 100% used [0x0000000715d80000,0x000000071de00000,0x000000071de00000)
  from space 21504K, 0% used [0x000000071f300000,0x000000071f300000,0x0000000720800000)
  to   space 21504K, 0% used [0x000000071de00000,0x000000071de00000,0x000000071f300000)
 ParOldGen       total 349696K, used 0K [0x00000005c1800000, 0x00000005d6d80000, 0x0000000715d80000)
  object space 349696K, 0% used [0x00000005c1800000,0x00000005c1800000,0x00000005d6d80000)
 Metaspace       used 15530K, capacity 15846K, committed 16128K, reserved 1062912K
  class space    used 1875K, capacity 1979K, committed 2048K, reserved 1048576K
Event: 2.297 GC heap after
Heap after GC invocations=1 (full 0):
 PSYoungGen      total 153088K, used 17634K [0x0000000715d80000, 0x0000000720800000, 0x00000007c0000000)
  eden space 131584K, 0% used [0x0000000715d80000,0x0000000715d80000,0x000000071de00000)
  from space 21504K, 82% used [0x000000071de00000,0x000000071ef38a38,0x000000071f300000)
  to   space 21504K, 0% used [0x000000071f300000,0x000000071f300000,0x0000000720800000)
 ParOldGen       total 349696K, used 24K [0x00000005c1800000, 0x00000005d6d80000, 0x0000000715d80000)
  object space 349696K, 0% used [0x00000005c1800000,0x00000005c1806000,0x00000005d6d80000)
 Metaspace       used 15530K, capacity 15846K, committed 16128K, reserved 1062912K
  class space    used 1875K, capacity 1979K, committed 2048K, reserved 1048576K
}

Deoptimization events (10 events):
Event: 2.575 Thread 0x0000000002d42800 Uncommon trap: reason=unstable_if action=reinterpret pc=0x00000000036021d0 method=java.util.regex.Pattern$Curly.match0(Ljava/util/regex/Matcher;IILjava/lang/CharSequence;)Z @ 5
Event: 2.606 Thread 0x0000000002d42800 Uncommon trap: reason=unstable_if action=reinterpret pc=0x0000000003208264 method=java.util.HashMap.hash(Ljava/lang/Object;)I @ 1
Event: 2.608 Thread 0x0000000002d42800 Uncommon trap: reason=unstable_if action=reinterpret pc=0x000000000323a5e8 method=java.util.HashMap.hash(Ljava/lang/Object;)I @ 1
Event: 2.608 Thread 0x0000000002d42800 Uncommon trap: reason=unstable_if action=reinterpret pc=0x00000000031f6b04 method=java.util.HashMap.getNode(ILjava/lang/Object;)Ljava/util/HashMap$Node; @ 53
Event: 2.685 Thread 0x0000000002d42800 Uncommon trap: reason=unstable_if action=reinterpret pc=0x00000000033b2558 method=sun.net.www.protocol.jar.Handler.parseURL(Ljava/net/URL;Ljava/lang/String;II)V @ 116
Event: 2.687 Thread 0x0000000002d42800 Uncommon trap: reason=class_check action=maybe_recompile pc=0x000000000338220c method=com.google.inject.internal.LinkedBindingImpl.acceptTargetVisitor(Lcom/google/inject/spi/BindingTargetVisitor;)Ljava/lang/Object; @ 2
Event: 2.687 Thread 0x0000000002d42800 Uncommon trap: reason=class_check action=maybe_recompile pc=0x000000000338220c method=com.google.inject.internal.LinkedBindingImpl.acceptTargetVisitor(Lcom/google/inject/spi/BindingTargetVisitor;)Ljava/lang/Object; @ 2
Event: 2.696 Thread 0x0000000002d42800 Uncommon trap: reason=class_check action=maybe_recompile pc=0x000000000338220c method=com.google.inject.internal.LinkedBindingImpl.acceptTargetVisitor(Lcom/google/inject/spi/BindingTargetVisitor;)Ljava/lang/Object; @ 2
Event: 2.696 Thread 0x0000000002d42800 Uncommon trap: reason=class_check action=maybe_recompile pc=0x000000000338220c method=com.google.inject.internal.LinkedBindingImpl.acceptTargetVisitor(Lcom/google/inject/spi/BindingTargetVisitor;)Ljava/lang/Object; @ 2
Event: 2.698 Thread 0x0000000002d42800 Uncommon trap: reason=null_check action=make_not_entrant pc=0x0000000003741d3c method=com.google.inject.internal.InjectorImpl.enterContext()Lcom/google/inject/internal/InternalContext; @ 7

Classes redefined (0 events):
No events

Internal exceptions (10 events):
Event: 1.704 Thread 0x0000000002d42800 Exception <a 'java/lang/NullPointerException'> (0x000000071afda390) thrown at [C:\ade\jenkins\workspace\8-2-build-windows-amd64-cygwin\jdk8u241\331\hotspot\src\share\vm\interpreter\linkResolver.cpp, line 1185]
Event: 1.705 Thread 0x0000000002d42800 Exception <a 'java/lang/NullPointerException'> (0x000000071afda5a8) thrown at [C:\ade\jenkins\workspace\8-2-build-windows-amd64-cygwin\jdk8u241\331\hotspot\src\share\vm\interpreter\linkResolver.cpp, line 1185]
Event: 1.705 Thread 0x0000000002d42800 Exception <a 'java/lang/NullPointerException'> (0x000000071afda7c0) thrown at [C:\ade\jenkins\workspace\8-2-build-windows-amd64-cygwin\jdk8u241\331\hotspot\src\share\vm\interpreter\linkResolver.cpp, line 1185]
Event: 1.705 Thread 0x0000000002d42800 Exception <a 'java/lang/NullPointerException'> (0x000000071afe46d0) thrown at [C:\ade\jenkins\workspace\8-2-build-windows-amd64-cygwin\jdk8u241\331\hotspot\src\share\vm\interpreter\linkResolver.cpp, line 1185]
Event: 1.705 Thread 0x0000000002d42800 Exception <a 'java/lang/NullPointerException'> (0x000000071afe48e8) thrown at [C:\ade\jenkins\workspace\8-2-build-windows-amd64-cygwin\jdk8u241\331\hotspot\src\share\vm\interpreter\linkResolver.cpp, line 1185]
Event: 1.705 Thread 0x0000000002d42800 Exception <a 'java/lang/NullPointerException'> (0x000000071afe4b00) thrown at [C:\ade\jenkins\workspace\8-2-build-windows-amd64-cygwin\jdk8u241\331\hotspot\src\share\vm\interpreter\linkResolver.cpp, line 1185]
Event: 1.886 Thread 0x0000000002d42800 Implicit null exception at 0x00000000034575f1 to 0x000000000345890d
Event: 2.606 Thread 0x0000000002d42800 Implicit null exception at 0x0000000003208055 to 0x0000000003208255
Event: 2.608 Thread 0x0000000002d42800 Implicit null exception at 0x000000000323a56f to 0x000000000323a5d9
Event: 2.698 Thread 0x0000000002d42800 Implicit null exception at 0x00000000037418c6 to 0x0000000003741d2d

Events (10 events):
Event: 2.727 loading class org/apache/maven/plugin/clean/Cleaner$3
Event: 2.727 loading class org/apache/maven/plugin/clean/Cleaner$3 done
Event: 2.727 loading class org/apache/maven/plugin/clean/Cleaner$3
Event: 2.727 loading class org/apache/maven/plugin/clean/Cleaner$3 done
Event: 2.728 loading class org/apache/maven/plugin/clean/Cleaner$Result
Event: 2.728 loading class org/apache/maven/plugin/clean/Cleaner$Result done
Event: 2.728 loading class org/apache/maven/plugin/clean/Cleaner$Result
Event: 2.728 loading class org/apache/maven/plugin/clean/Cleaner$Result done
Event: 2.728 loading class org/apache/maven/plugin/clean/Cleaner$Result
Event: 2.728 loading class org/apache/maven/plugin/clean/Cleaner$Result done


Dynamic libraries:
0x00007ff74dfd0000 - 0x00007ff74e007000 	C:\Program Files\Java\jre1.8.0_241\bin\javaw.exe
0x00007ffb962c0000 - 0x00007ffb964b0000 	C:\WINDOWS\SYSTEM32\ntdll.dll
0x00007ffb94bc0000 - 0x00007ffb94c72000 	C:\WINDOWS\System32\KERNEL32.DLL
0x00007ffb936d0000 - 0x00007ffb93974000 	C:\WINDOWS\System32\KERNELBASE.dll
0x00007ffb96020000 - 0x00007ffb960c3000 	C:\WINDOWS\System32\ADVAPI32.dll
0x00007ffb94c80000 - 0x00007ffb94d1e000 	C:\WINDOWS\System32\msvcrt.dll
0x00007ffb95860000 - 0x00007ffb958f7000 	C:\WINDOWS\System32\sechost.dll
0x00007ffb94d20000 - 0x00007ffb94e40000 	C:\WINDOWS\System32\RPCRT4.dll
0x00007ffb94f90000 - 0x00007ffb95124000 	C:\WINDOWS\System32\USER32.dll
0x00007ffb934d0000 - 0x00007ffb934f1000 	C:\WINDOWS\System32\win32u.dll
0x00007ffb943d0000 - 0x00007ffb943f6000 	C:\WINDOWS\System32\GDI32.dll
0x00007ffb93300000 - 0x00007ffb93495000 	C:\WINDOWS\System32\gdi32full.dll
0x00007ffb942d0000 - 0x00007ffb9436e000 	C:\WINDOWS\System32\msvcp_win.dll
0x00007ffb935d0000 - 0x00007ffb936ca000 	C:\WINDOWS\System32\ucrtbase.dll
0x00007ffb7e0d0000 - 0x00007ffb7e354000 	C:\WINDOWS\WinSxS\amd64_microsoft.windows.common-controls_6595b64144ccf1df_6.0.18362.900_none_e6beb9d913147d17\COMCTL32.dll
0x00007ffb95ad0000 - 0x00007ffb95e05000 	C:\WINDOWS\System32\combase.dll
0x00007ffb93500000 - 0x00007ffb93580000 	C:\WINDOWS\System32\bcryptPrimitives.dll
0x00007ffb95260000 - 0x00007ffb9528e000 	C:\WINDOWS\System32\IMM32.DLL
0x000000006d370000 - 0x000000006d442000 	C:\Program Files\Java\jre1.8.0_241\bin\msvcr100.dll
0x000000006d530000 - 0x000000006dddc000 	C:\Program Files\Java\jre1.8.0_241\bin\server\jvm.dll
0x00007ffb95250000 - 0x00007ffb95258000 	C:\WINDOWS\System32\PSAPI.DLL
0x00007ffb91c70000 - 0x00007ffb91c79000 	C:\WINDOWS\SYSTEM32\WSOCK32.dll
0x00007ffb8f260000 - 0x00007ffb8f284000 	C:\WINDOWS\SYSTEM32\WINMM.dll
0x00007ffb8ca10000 - 0x00007ffb8ca1a000 	C:\WINDOWS\SYSTEM32\VERSION.dll
0x00007ffb95a60000 - 0x00007ffb95acf000 	C:\WINDOWS\System32\WS2_32.dll
0x00007ffb8f230000 - 0x00007ffb8f25d000 	C:\WINDOWS\SYSTEM32\WINMMBASE.dll
0x00007ffb93580000 - 0x00007ffb935ca000 	C:\WINDOWS\System32\cfgmgr32.dll
0x00007ffb89df0000 - 0x00007ffb89dff000 	C:\Program Files\Java\jre1.8.0_241\bin\verify.dll
0x00007ffb6aa20000 - 0x00007ffb6aa49000 	C:\Program Files\Java\jre1.8.0_241\bin\java.dll
0x00007ffb76ce0000 - 0x00007ffb76cf6000 	C:\Program Files\Java\jre1.8.0_241\bin\zip.dll
0x00007ffb944d0000 - 0x00007ffb94bb6000 	C:\WINDOWS\System32\SHELL32.dll
0x00007ffb94e40000 - 0x00007ffb94ee9000 	C:\WINDOWS\System32\shcore.dll
0x00007ffb93b30000 - 0x00007ffb942b0000 	C:\WINDOWS\System32\windows.storage.dll
0x00007ffb931b0000 - 0x00007ffb931d3000 	C:\WINDOWS\System32\profapi.dll
0x00007ffb931e0000 - 0x00007ffb9322a000 	C:\WINDOWS\System32\powrprof.dll
0x00007ffb93180000 - 0x00007ffb93190000 	C:\WINDOWS\System32\UMPDC.dll
0x00007ffb94370000 - 0x00007ffb943c2000 	C:\WINDOWS\System32\shlwapi.dll
0x00007ffb93230000 - 0x00007ffb93241000 	C:\WINDOWS\System32\kernel.appcore.dll
0x00007ffb942b0000 - 0x00007ffb942c7000 	C:\WINDOWS\System32\cryptsp.dll
0x00007ffb92560000 - 0x00007ffb92593000 	C:\WINDOWS\system32\rsaenh.dll
0x00007ffb934a0000 - 0x00007ffb934c6000 	C:\WINDOWS\System32\bcrypt.dll
0x00007ffb930a0000 - 0x00007ffb930c5000 	C:\WINDOWS\SYSTEM32\USERENV.dll
0x00007ffb92bc0000 - 0x00007ffb92bcc000 	C:\WINDOWS\SYSTEM32\CRYPTBASE.dll
0x00007ffb76650000 - 0x00007ffb7666a000 	C:\Program Files\Java\jre1.8.0_241\bin\net.dll
0x00007ffb929f0000 - 0x00007ffb92a57000 	C:\WINDOWS\system32\mswsock.dll
0x00007ffb92700000 - 0x00007ffb9273a000 	C:\WINDOWS\SYSTEM32\IPHLPAPI.DLL
0x00007ffb951e0000 - 0x00007ffb951e8000 	C:\WINDOWS\System32\NSI.dll
0x00007ffb8afa0000 - 0x00007ffb8afb6000 	C:\WINDOWS\SYSTEM32\dhcpcsvc6.DLL
0x00007ffb8af80000 - 0x00007ffb8af9c000 	C:\WINDOWS\SYSTEM32\dhcpcsvc.DLL
0x00007ffb92740000 - 0x00007ffb9280b000 	C:\WINDOWS\SYSTEM32\DNSAPI.dll
0x00007ffb716e0000 - 0x00007ffb716f2000 	C:\Program Files\Java\jre1.8.0_241\bin\nio.dll
0x00007ffb8d700000 - 0x00007ffb8d70a000 	C:\Users\jungl\AppData\Local\Temp\jansi-1.17.1-3105617482165397154.dll
0x00007ffb91a40000 - 0x00007ffb91c34000 	C:\WINDOWS\SYSTEM32\dbghelp.dll

VM Arguments:
jvm_args: -Dmaven.home=EMBEDDED -Dclassworlds.conf=E:\workspace_sts\.metadata\.plugins\org.eclipse.m2e.launching\launches\m2conf208624726223880776.tmp -Dmaven.multiModuleProjectDirectory=E:\workspace_sts\searchitemsapp -Djansi.force=true -Djansi.passthrough=true -Dfile.encoding=Cp1252 
java_command: org.codehaus.plexus.classworlds.launcher.Launcher -B clean test install sonar:sonar -Dstyle.color=always
java_class_path (initial): D:\Archivos de programa\eclipse\sts-4.7.0.RELEASE\plugins\org.eclipse.m2e.maven.runtime_1.16.0.20200610-1735\jars\plexus-classworlds-2.6.0.jar
Launcher Type: SUN_STANDARD

Environment Variables:
JAVA_HOME=C:\Program Files\Java\jdk-16
JRE_HOME=C:\Program Files\Java\jre1.8.0_231
PATH=C:/Program Files/Java/jre1.8.0_241/bin/server;C:/Program Files/Java/jre1.8.0_241/bin;C:/Program Files/Java/jre1.8.0_241/lib/amd64;C:\Python38\Scripts\;C:\Python38\;C:\Program Files (x86)\Common Files\Oracle\Java\javapath;D:\app\OralceHomeUser1\product\12.2.0\dbhome_1\bin;C:\Windows\system32;C:\Windows;C:\Windows\System32\Wbem;C:\Windows\System32\WindowsPowerShell\v1.0\;C:\Windows\System32\OpenSSH\;C:\Program Files (x86)\NVIDIA Corporation\PhysX\Common;C:\Program Files\Java\jdk-11.0.7;C:\Program Files\Apache Software Foundation\Tomcat 9.0\bin;C:\Program Files\TortoiseSVN\bin;C:\Program Files\NVIDIA Corporation\NVIDIA NvDLISR;C:\Users\jungl\AppData\Roaming\npm;C:\Users\jungl\AppData\Local\Android\android-sdk\tools;C:\Users\jungl\AppData\Local\Android\android-sdk\platform-tools;C:\apache-ant-1.9.14\bin;C:\python;C:\Users\jungl\AppData\Local\Programs\Python\Python36;C:\apache-maven-3.6.1\bin;C:\WINDOWS\system32;C:\WINDOWS;C:\WINDOWS\System32\Wbem;C:\WINDOWS\System32\WindowsPowerShell\v1.0\;C:\WINDOWS\System32\OpenSSH\;C:\Program Files\OpenSSL-Win64\bin;C:\xampp\php;C:\Program Files\nodejs\;C:\ProgramData\chocolatey\bin;E:\eclipse-workspace_nuevo\junit_lib;C:\Program Files (x86)\Windows Live\Shared;C:\sonarqube;D:\Archivos de programa\Git\cmd;%DERBY_HOME%\bin;C:\Users\jungl\AppData\Local\Programs\Python\Python36\Scripts\;C:\Users\jungl\AppData\Local\Programs\Python\Python36\;C:\Users\jungl\AppData\Local\Microsoft\WindowsApps;C:\Users\jungl\AppData\Local\Android\android-sdk\tools;C:\Users\jungl\AppData\Local\Android\android-sdk\platform-tools;C:\Program Files\JetBrains\PhpStorm 2018.3.4\bin;C:\Users\jungl\AppData\Local\Programs\Microsoft VS Code\bin;D:\Archivos de programa\PhpStorm 2019.2.3\bin;D:\Archivos de programa\WebStorm 2019.3\bin;C:\Users\jungl\AppData\Local\GitHubDesktop\bin;C:\Users\jungl\AppData\Roaming\npm;D:\Archivos de programa\Nmap;D:\Archivos de programa\eclipse\sts-4.7.0.RELEASE;
USERNAME=jungl
OS=Windows_NT
PROCESSOR_IDENTIFIER=Intel64 Family 6 Model 94 Stepping 3, GenuineIntel



---------------  S Y S T E M  ---------------

OS: Windows 10.0 , 64 bit Build 18362 (10.0.18362.900)

CPU:total 8 (initial active 8) (4 cores per cpu, 2 threads per core) family 6 model 94 stepping 3, cmov, cx8, fxsr, mmx, sse, sse2, sse3, ssse3, sse4.1, sse4.2, popcnt, avx, avx2, aes, clmul, erms, rtm, 3dnowpref, lzcnt, ht, tsc, tscinvbit, bmi1, bmi2, adx

Memory: 4k page, physical 33450368k(17582644k free), swap 67004800k(47227848k free)

vm_info: Java HotSpot(TM) 64-Bit Server VM (25.241-b07) for windows-amd64 JRE (1.8.0_241-b07), built on Dec 11 2019 10:21:40 by "rejava" with MS VC++ 10.0 (VS2010)

time: Fri Jul 17 16:02:36 2020
timezone: Hora de verano romance
elapsed time: 3 seconds (0d 0h 0m 3s)

